15-Jul-2022 17:35:45.624 INFORMAZIONI [main] org.apache.catalina.startup.VersionLoggerListener.log Server version name:   Apache Tomcat/10.0.17
15-Jul-2022 17:35:45.632 INFORMAZIONI [main] org.apache.catalina.startup.VersionLoggerListener.log Server built:          Feb 21 2022 19:36:49 UTC
15-Jul-2022 17:35:45.632 INFORMAZIONI [main] org.apache.catalina.startup.VersionLoggerListener.log Server version number: 10.0.17.0
15-Jul-2022 17:35:45.633 INFORMAZIONI [main] org.apache.catalina.startup.VersionLoggerListener.log OS Name:               Linux
15-Jul-2022 17:35:45.633 INFORMAZIONI [main] org.apache.catalina.startup.VersionLoggerListener.log OS Version:            5.15.0-41-generic
15-Jul-2022 17:35:45.633 INFORMAZIONI [main] org.apache.catalina.startup.VersionLoggerListener.log Architecture:          amd64
15-Jul-2022 17:35:45.634 INFORMAZIONI [main] org.apache.catalina.startup.VersionLoggerListener.log Java Home:             /usr/lib/jvm/java-17-openjdk-amd64
15-Jul-2022 17:35:45.634 INFORMAZIONI [main] org.apache.catalina.startup.VersionLoggerListener.log JVM Version:           17.0.3+7-Ubuntu-0ubuntu0.20.04.1
15-Jul-2022 17:35:45.634 INFORMAZIONI [main] org.apache.catalina.startup.VersionLoggerListener.log JVM Vendor:            Private Build
15-Jul-2022 17:35:45.634 INFORMAZIONI [main] org.apache.catalina.startup.VersionLoggerListener.log CATALINA_BASE:         /home/amnesia/Uni/TechWeb/apache-tomcat-10.0.17
15-Jul-2022 17:35:45.634 INFORMAZIONI [main] org.apache.catalina.startup.VersionLoggerListener.log CATALINA_HOME:         /home/amnesia/Uni/TechWeb/apache-tomcat-10.0.17
15-Jul-2022 17:35:45.649 INFORMAZIONI [main] org.apache.catalina.startup.VersionLoggerListener.log Command line argument: --add-opens=java.base/java.lang=ALL-UNNAMED
15-Jul-2022 17:35:45.649 INFORMAZIONI [main] org.apache.catalina.startup.VersionLoggerListener.log Command line argument: --add-opens=java.base/java.io=ALL-UNNAMED
15-Jul-2022 17:35:45.649 INFORMAZIONI [main] org.apache.catalina.startup.VersionLoggerListener.log Command line argument: --add-opens=java.base/java.util=ALL-UNNAMED
15-Jul-2022 17:35:45.650 INFORMAZIONI [main] org.apache.catalina.startup.VersionLoggerListener.log Command line argument: --add-opens=java.base/java.util.concurrent=ALL-UNNAMED
15-Jul-2022 17:35:45.650 INFORMAZIONI [main] org.apache.catalina.startup.VersionLoggerListener.log Command line argument: --add-opens=java.rmi/sun.rmi.transport=ALL-UNNAMED
15-Jul-2022 17:35:45.651 INFORMAZIONI [main] org.apache.catalina.startup.VersionLoggerListener.log Command line argument: -Djava.util.logging.config.file=/home/amnesia/Uni/TechWeb/apache-tomcat-10.0.17/conf/logging.properties
15-Jul-2022 17:35:45.651 INFORMAZIONI [main] org.apache.catalina.startup.VersionLoggerListener.log Command line argument: -Djava.util.logging.manager=org.apache.juli.ClassLoaderLogManager
15-Jul-2022 17:35:45.652 INFORMAZIONI [main] org.apache.catalina.startup.VersionLoggerListener.log Command line argument: -Djdk.tls.ephemeralDHKeySize=2048
15-Jul-2022 17:35:45.652 INFORMAZIONI [main] org.apache.catalina.startup.VersionLoggerListener.log Command line argument: -Djava.protocol.handler.pkgs=org.apache.catalina.webresources
15-Jul-2022 17:35:45.652 INFORMAZIONI [main] org.apache.catalina.startup.VersionLoggerListener.log Command line argument: -Dorg.apache.catalina.security.SecurityListener.UMASK=0027
15-Jul-2022 17:35:45.652 INFORMAZIONI [main] org.apache.catalina.startup.VersionLoggerListener.log Command line argument: -Dignore.endorsed.dirs=
15-Jul-2022 17:35:45.652 INFORMAZIONI [main] org.apache.catalina.startup.VersionLoggerListener.log Command line argument: -Dcatalina.base=/home/amnesia/Uni/TechWeb/apache-tomcat-10.0.17
15-Jul-2022 17:35:45.653 INFORMAZIONI [main] org.apache.catalina.startup.VersionLoggerListener.log Command line argument: -Dcatalina.home=/home/amnesia/Uni/TechWeb/apache-tomcat-10.0.17
15-Jul-2022 17:35:45.653 INFORMAZIONI [main] org.apache.catalina.startup.VersionLoggerListener.log Command line argument: -Djava.io.tmpdir=/home/amnesia/Uni/TechWeb/apache-tomcat-10.0.17/temp
15-Jul-2022 17:35:45.656 INFORMAZIONI [main] org.apache.catalina.core.AprLifecycleListener.lifecycleEvent The Apache Tomcat Native library which allows using OpenSSL was not found on the java.library.path: [/usr/java/packages/lib:/usr/lib/x86_64-linux-gnu/jni:/lib/x86_64-linux-gnu:/usr/lib/x86_64-linux-gnu:/usr/lib/jni:/lib:/usr/lib]
15-Jul-2022 17:35:46.086 INFORMAZIONI [main] org.apache.coyote.AbstractProtocol.init Initializing ProtocolHandler ["http-nio-8080"]
15-Jul-2022 17:35:46.126 INFORMAZIONI [main] org.apache.catalina.startup.Catalina.load Server initialization in [784] milliseconds
15-Jul-2022 17:35:46.194 INFORMAZIONI [main] org.apache.catalina.core.StandardService.startInternal Starting service [Catalina]
15-Jul-2022 17:35:46.195 INFORMAZIONI [main] org.apache.catalina.core.StandardEngine.startInternal Starting Servlet engine: [Apache Tomcat/10.0.17]
15-Jul-2022 17:35:46.217 INFORMAZIONI [main] org.apache.catalina.startup.HostConfig.deployWAR Deploying web application archive [/home/amnesia/Uni/TechWeb/apache-tomcat-10.0.17/webapps/inTaberna-1.0-SNAPSHOT.war]
15-Jul-2022 17:35:47.226 INFORMAZIONI [main] org.apache.jasper.servlet.TldScanner.scanJars At least one JAR was scanned for TLDs yet contained no TLDs. Enable debug logging for this logger for a complete list of JARs that were scanned but no TLDs were found in them. Skipping unneeded JARs during scanning can improve startup time and JSP compilation time.
15-Jul-2022 17:35:48.827 INFORMAZIONI [main] org.apache.catalina.startup.HostConfig.deployWAR Deployment of web application archive [/home/amnesia/Uni/TechWeb/apache-tomcat-10.0.17/webapps/inTaberna-1.0-SNAPSHOT.war] has finished in [2,609] ms
15-Jul-2022 17:35:48.828 INFORMAZIONI [main] org.apache.catalina.startup.HostConfig.deployDirectory Deploying web application directory [/home/amnesia/Uni/TechWeb/apache-tomcat-10.0.17/webapps/examples]
15-Jul-2022 17:35:49.277 INFORMAZIONI [main] org.apache.catalina.startup.HostConfig.deployDirectory Deployment of web application directory [/home/amnesia/Uni/TechWeb/apache-tomcat-10.0.17/webapps/examples] has finished in [449] ms
15-Jul-2022 17:35:49.278 INFORMAZIONI [main] org.apache.catalina.startup.HostConfig.deployDirectory Deploying web application directory [/home/amnesia/Uni/TechWeb/apache-tomcat-10.0.17/webapps/host-manager]
15-Jul-2022 17:35:49.319 INFORMAZIONI [main] org.apache.catalina.startup.HostConfig.deployDirectory Deployment of web application directory [/home/amnesia/Uni/TechWeb/apache-tomcat-10.0.17/webapps/host-manager] has finished in [41] ms
15-Jul-2022 17:35:49.320 INFORMAZIONI [main] org.apache.catalina.startup.HostConfig.deployDirectory Deploying web application directory [/home/amnesia/Uni/TechWeb/apache-tomcat-10.0.17/webapps/ROOT]
15-Jul-2022 17:35:49.342 INFORMAZIONI [main] org.apache.catalina.startup.HostConfig.deployDirectory Deployment of web application directory [/home/amnesia/Uni/TechWeb/apache-tomcat-10.0.17/webapps/ROOT] has finished in [21] ms
15-Jul-2022 17:35:49.342 INFORMAZIONI [main] org.apache.catalina.startup.HostConfig.deployDirectory Deploying web application directory [/home/amnesia/Uni/TechWeb/apache-tomcat-10.0.17/webapps/manager]
15-Jul-2022 17:35:49.375 INFORMAZIONI [main] org.apache.catalina.startup.HostConfig.deployDirectory Deployment of web application directory [/home/amnesia/Uni/TechWeb/apache-tomcat-10.0.17/webapps/manager] has finished in [32] ms
15-Jul-2022 17:35:49.375 INFORMAZIONI [main] org.apache.catalina.startup.HostConfig.deployDirectory Deploying web application directory [/home/amnesia/Uni/TechWeb/apache-tomcat-10.0.17/webapps/docs]
15-Jul-2022 17:35:49.392 INFORMAZIONI [main] org.apache.catalina.startup.HostConfig.deployDirectory Deployment of web application directory [/home/amnesia/Uni/TechWeb/apache-tomcat-10.0.17/webapps/docs] has finished in [16] ms
15-Jul-2022 17:35:49.398 INFORMAZIONI [main] org.apache.coyote.AbstractProtocol.start Starting ProtocolHandler ["http-nio-8080"]
15-Jul-2022 17:35:49.439 INFORMAZIONI [main] org.apache.catalina.startup.Catalina.start Server startup in [3313] milliseconds
15-Jul-2022 17:36:05.419 INFORMAZIONI [http-nio-8080-exec-2] org.apache.catalina.core.StandardContext.reload Reloading Context with name [/inTaberna-1.0-SNAPSHOT] has started
15-Jul-2022 17:36:05.433 AVVERTENZA [http-nio-8080-exec-2] org.apache.catalina.loader.WebappClassLoaderBase.clearReferencesJdbc The web application [inTaberna-1.0-SNAPSHOT] registered the JDBC driver [com.mysql.cj.jdbc.Driver] but failed to unregister it when the web application was stopped. To prevent a memory leak, the JDBC Driver has been forcibly unregistered.
15-Jul-2022 17:36:05.442 AVVERTENZA [http-nio-8080-exec-2] org.apache.catalina.loader.WebappClassLoaderBase.clearReferencesThreads The web application [inTaberna-1.0-SNAPSHOT] appears to have started a thread named [Tomcat JDBC Pool Cleaner[746074699:1657899347275]] but has failed to stop it. This is very likely to create a memory leak. Stack trace of thread:
 java.base@17.0.3/java.lang.Object.wait(Native Method)
 java.base@17.0.3/java.util.TimerThread.mainLoop(Timer.java:563)
 java.base@17.0.3/java.util.TimerThread.run(Timer.java:516)
15-Jul-2022 17:36:05.443 AVVERTENZA [http-nio-8080-exec-2] org.apache.catalina.loader.WebappClassLoaderBase.clearReferencesThreads The web application [inTaberna-1.0-SNAPSHOT] appears to have started a thread named [Abandoned connection cleanup thread] but has failed to stop it. This is very likely to create a memory leak. Stack trace of thread:
 java.base@17.0.3/java.lang.Object.wait(Native Method)
 java.base@17.0.3/java.lang.ref.ReferenceQueue.remove(ReferenceQueue.java:155)
 com.mysql.cj.jdbc.AbandonedConnectionCleanupThread.run(AbandonedConnectionCleanupThread.java:70)
 java.base@17.0.3/java.util.concurrent.ThreadPoolExecutor.runWorker(ThreadPoolExecutor.java:1136)
 java.base@17.0.3/java.util.concurrent.ThreadPoolExecutor$Worker.run(ThreadPoolExecutor.java:635)
 java.base@17.0.3/java.lang.Thread.run(Thread.java:833)
15-Jul-2022 17:36:05.722 INFORMAZIONI [http-nio-8080-exec-2] org.apache.jasper.servlet.TldScanner.scanJars At least one JAR was scanned for TLDs yet contained no TLDs. Enable debug logging for this logger for a complete list of JARs that were scanned but no TLDs were found in them. Skipping unneeded JARs during scanning can improve startup time and JSP compilation time.
15-Jul-2022 17:36:06.379 INFORMAZIONI [http-nio-8080-exec-2] org.apache.catalina.core.StandardContext.reload Reloading Context with name [/inTaberna-1.0-SNAPSHOT] is completed
15-Jul-2022 17:36:07.289 INFORMAZIONI [Abandoned connection cleanup thread] org.apache.catalina.loader.WebappClassLoaderBase.checkStateForResourceLoading Illegal access: this web application instance has been stopped already. Could not load []. The following stack trace is thrown for debugging purposes as well as to attempt to terminate the thread which caused the illegal access.
	java.lang.IllegalStateException: Illegal access: this web application instance has been stopped already. Could not load []. The following stack trace is thrown for debugging purposes as well as to attempt to terminate the thread which caused the illegal access.
		at org.apache.catalina.loader.WebappClassLoaderBase.checkStateForResourceLoading(WebappClassLoaderBase.java:1464)
		at org.apache.catalina.loader.WebappClassLoaderBase.getResource(WebappClassLoaderBase.java:1054)
		at com.mysql.cj.jdbc.AbandonedConnectionCleanupThread.checkContextClassLoaders(AbandonedConnectionCleanupThread.java:96)
		at com.mysql.cj.jdbc.AbandonedConnectionCleanupThread.run(AbandonedConnectionCleanupThread.java:69)
		at java.base/java.util.concurrent.ThreadPoolExecutor.runWorker(ThreadPoolExecutor.java:1136)
		at java.base/java.util.concurrent.ThreadPoolExecutor$Worker.run(ThreadPoolExecutor.java:635)
		at java.base/java.lang.Thread.run(Thread.java:833)
