[2022-11-04T20:23:21.785+0100] [] [INFO] [NCLS-GFLAUNCHER-00005] [jakarta.enterprise.launcher] [tid: _ThreadID=1 _ThreadName=main] [timeMillis: 1667589801785] [levelValue: 800] [[
  JVM invocation command line:
/home/amnesia/.jdks/openjdk-17.0.2/bin/java
-cp
/home/amnesia/Uni/ProgrammazioneDistribuita/Lab/Esercitazione JPA/glassfish6/glassfish/modules/glassfish.jar
-XX:+UnlockDiagnosticVMOptions
-XX:NewRatio=2
-Xmx512m
-Xbootclasspath/a:/home/amnesia/Uni/ProgrammazioneDistribuita/Lab/Esercitazione JPA/glassfish6/glassfish/lib/grizzly-npn-api.jar
--add-opens=jdk.management/com.sun.management.internal=ALL-UNNAMED
--add-opens=java.base/sun.net.www.protocol.jrt=ALL-UNNAMED
--add-opens=java.base/java.lang=ALL-UNNAMED
--add-opens=java.base/java.util=ALL-UNNAMED
--add-opens=java.rmi/sun.rmi.transport=ALL-UNNAMED
--add-opens=java.naming/javax.naming.spi=ALL-UNNAMED
--add-exports=java.naming/com.sun.jndi.ldap=ALL-UNNAMED
-javaagent:/home/amnesia/Uni/ProgrammazioneDistribuita/Lab/Esercitazione JPA/glassfish6/glassfish/lib/monitor/flashlight-agent.jar
-Djava.awt.headless=true
-Djdk.corba.allowOutputStreamSubclass=true
-Djdk.tls.rejectClientInitiatedRenegotiation=true
-Djavax.xml.accessExternalSchema=all
-Djava.security.policy=/home/amnesia/Uni/ProgrammazioneDistribuita/Lab/Esercitazione JPA/glassfish6/glassfish/domains/domain1/config/server.policy
-Djava.security.auth.login.config=/home/amnesia/Uni/ProgrammazioneDistribuita/Lab/Esercitazione JPA/glassfish6/glassfish/domains/domain1/config/login.conf
-Dcom.sun.enterprise.security.httpsOutboundKeyAlias=s1as
-Djavax.net.ssl.keyStore=/home/amnesia/Uni/ProgrammazioneDistribuita/Lab/Esercitazione JPA/glassfish6/glassfish/domains/domain1/config/keystore.jks
-Djavax.net.ssl.trustStore=/home/amnesia/Uni/ProgrammazioneDistribuita/Lab/Esercitazione JPA/glassfish6/glassfish/domains/domain1/config/cacerts.jks
-Djdbc.drivers=org.apache.derby.jdbc.ClientDriver
-DANTLR_USE_DIRECT_CLASS_LOADING=true
-Dcom.sun.enterprise.config.config_environment_factory_class=com.sun.enterprise.config.serverbeans.AppserverConfigEnvironmentFactory
-Dorg.glassfish.additionalOSGiBundlesToStart=org.apache.felix.shell,org.apache.felix.gogo.runtime,org.apache.felix.gogo.shell,org.apache.felix.gogo.command,org.apache.felix.shell.remote,org.apache.felix.fileinstall
-Dosgi.shell.telnet.port=6666
-Dosgi.shell.telnet.maxconn=1
-Dosgi.shell.telnet.ip=127.0.0.1
-Dgosh.args=--nointeractive
-Dfelix.fileinstall.dir=/home/amnesia/Uni/ProgrammazioneDistribuita/Lab/Esercitazione JPA/glassfish6/glassfish/modules/autostart/
-Dfelix.fileinstall.poll=5000
-Dfelix.fileinstall.log.level=2
-Dfelix.fileinstall.bundles.new.start=true
-Dfelix.fileinstall.bundles.startTransient=true
-Dfelix.fileinstall.disableConfigSave=false
-Dorg.glassfish.gmbal.no.multipleUpperBoundsException=true
-Dcom.ctc.wstx.returnNullForDefaultNamespace=true
-Dcom.sun.aas.instanceRoot=/home/amnesia/Uni/ProgrammazioneDistribuita/Lab/Esercitazione JPA/glassfish6/glassfish/domains/domain1
-Dcom.sun.aas.installRoot=/home/amnesia/Uni/ProgrammazioneDistribuita/Lab/Esercitazione JPA/glassfish6/glassfish
-Djava.library.path=/home/amnesia/Uni/ProgrammazioneDistribuita/Lab/Esercitazione JPA/glassfish6/glassfish/lib:/usr/java/packages/lib:/usr/lib/x86_64-linux-gnu/jni:/lib/x86_64-linux-gnu:/usr/lib/x86_64-linux-gnu:/usr/lib/jni:/lib:/usr/lib
com.sun.enterprise.glassfish.bootstrap.ASMain
-upgrade
false
-domaindir
/home/amnesia/Uni/ProgrammazioneDistribuita/Lab/Esercitazione JPA/glassfish6/glassfish/domains/domain1
-read-stdin
true
-asadmin-args
--host,,,localhost,,,--port,,,4848,,,--secure=false,,,--terse=false,,,--echo=false,,,--interactive=false,,,start-domain,,,--verbose=false,,,--watchdog=false,,,--debug=false,,,--domaindir,,,/home/amnesia/Uni/ProgrammazioneDistribuita/Lab/Esercitazione JPA/glassfish6/glassfish/domains,,,domain1
-domainname
domain1
-instancename
server
-type
DAS
-verbose
false
-asadmin-classpath
/home/amnesia/Uni/ProgrammazioneDistribuita/Lab/Esercitazione JPA/glassfish6/glassfish/lib/client/appserver-cli.jar
-debug
false
-asadmin-classname
com.sun.enterprise.admin.cli.AdminMain]]

[2022-11-04T20:23:24.816+0100] [glassfish 6.2] [INFO] [NCLS-LOGGING-00009] [jakarta.enterprise.logging] [tid: _ThreadID=25 _ThreadName=RunLevelControllerThread-1667589804688] [timeMillis: 1667589804816] [levelValue: 800] [[
  Running GlassFish Version: Eclipse GlassFish  6.2.5  (build 6.x-b66-g0159b68 2022-02-12T17:39:59+0000)]]

[2022-11-04T20:23:24.817+0100] [glassfish 6.2] [INFO] [NCLS-LOGGING-00010] [jakarta.enterprise.logging] [tid: _ThreadID=25 _ThreadName=RunLevelControllerThread-1667589804688] [timeMillis: 1667589804817] [levelValue: 800] [[
  Server log file is using Formatter class: com.sun.enterprise.server.logging.ODLLogFormatter]]

[2022-11-04T20:23:24.910+0100] [glassfish 6.2] [INFO] [NCLS-SECURITY-01115] [jakarta.enterprise.system.core.security] [tid: _ThreadID=27 _ThreadName=RunLevelControllerThread-1667589804694] [timeMillis: 1667589804910] [levelValue: 800] [[
  Realm [admin-realm] of classtype [com.sun.enterprise.security.auth.realm.file.FileRealm] successfully created.]]

[2022-11-04T20:23:24.912+0100] [glassfish 6.2] [INFO] [NCLS-SECURITY-01115] [jakarta.enterprise.system.core.security] [tid: _ThreadID=27 _ThreadName=RunLevelControllerThread-1667589804694] [timeMillis: 1667589804912] [levelValue: 800] [[
  Realm [file] of classtype [com.sun.enterprise.security.auth.realm.file.FileRealm] successfully created.]]

[2022-11-04T20:23:24.917+0100] [glassfish 6.2] [INFO] [NCLS-SECURITY-01115] [jakarta.enterprise.system.core.security] [tid: _ThreadID=27 _ThreadName=RunLevelControllerThread-1667589804694] [timeMillis: 1667589804917] [levelValue: 800] [[
  Realm [certificate] of classtype [com.sun.enterprise.security.auth.realm.certificate.CertificateRealm] successfully created.]]

[2022-11-04T20:23:24.985+0100] [glassfish 6.2] [INFO] [] [org.glassfish.ha.store.spi.BackingStoreFactoryRegistry] [tid: _ThreadID=27 _ThreadName=RunLevelControllerThread-1667589804694] [timeMillis: 1667589804985] [levelValue: 800] [[
  Registered org.glassfish.ha.store.adapter.cache.ShoalBackingStoreProxy for persistence-type = replicated in BackingStoreFactoryRegistry]]

[2022-11-04T20:23:25.038+0100] [glassfish 6.2] [INFO] [SEC-SVCS-00100] [jakarta.enterprise.security.services] [tid: _ThreadID=27 _ThreadName=RunLevelControllerThread-1667589804694] [timeMillis: 1667589805038] [levelValue: 800] [[
  Authorization Service has successfully initialized.]]

[2022-11-04T20:23:25.042+0100] [glassfish 6.2] [INFO] [] [org.hibernate.validator.internal.util.Version] [tid: _ThreadID=24 _ThreadName=RunLevelControllerThread-1667589804688] [timeMillis: 1667589805042] [levelValue: 800] [[
  HV000001: Hibernate Validator 7.0.2.Final]]

[2022-11-04T20:23:25.154+0100] [glassfish 6.2] [INFO] [NCLS-CORE-00087] [jakarta.enterprise.system.core] [tid: _ThreadID=26 _ThreadName=RunLevelControllerThread-1667589804693] [timeMillis: 1667589805154] [levelValue: 800] [[
  Grizzly Framework 3.0.1 started in: 18ms - bound to [/0.0.0.0:8080]]]

[2022-11-04T20:23:25.193+0100] [glassfish 6.2] [INFO] [NCLS-CORE-00087] [jakarta.enterprise.system.core] [tid: _ThreadID=26 _ThreadName=RunLevelControllerThread-1667589804693] [timeMillis: 1667589805193] [levelValue: 800] [[
  Grizzly Framework 3.0.1 started in: 5ms - bound to [/0.0.0.0:8181]]]

[2022-11-04T20:23:25.216+0100] [glassfish 6.2] [INFO] [NCLS-CORE-00087] [jakarta.enterprise.system.core] [tid: _ThreadID=26 _ThreadName=RunLevelControllerThread-1667589804693] [timeMillis: 1667589805216] [levelValue: 800] [[
  Grizzly Framework 3.0.1 started in: 7ms - bound to [/0.0.0.0:4848]]]

[2022-11-04T20:23:25.241+0100] [glassfish 6.2] [INFO] [NCLS-CORE-00087] [jakarta.enterprise.system.core] [tid: _ThreadID=25 _ThreadName=RunLevelControllerThread-1667589804688] [timeMillis: 1667589805241] [levelValue: 800] [[
  Grizzly Framework 3.0.1 started in: 1ms - bound to [/0.0.0.0:3700]]]

[2022-11-04T20:23:25.419+0100] [glassfish 6.2] [INFO] [NCLS-CORE-00017] [jakarta.enterprise.system.core] [tid: _ThreadID=1 _ThreadName=main] [timeMillis: 1667589805419] [levelValue: 800] [[
  Eclipse GlassFish  6.2.5  (6.x-b66-g0159b68 2022-02-12T17:39:59+0000) startup time : Felix (2.488ms), startup services(735ms), total(3.223ms)]]

[2022-11-04T20:23:25.712+0100] [glassfish 6.2] [INFO] [NCLS-CORE-00087] [jakarta.enterprise.system.core] [tid: _ThreadID=24 _ThreadName=RunLevelControllerThread-1667589804688] [timeMillis: 1667589805712] [levelValue: 800] [[
  Grizzly Framework 3.0.1 started in: 5ms - bound to [/0.0.0.0:7676]]]

[2022-11-04T20:23:25.717+0100] [glassfish 6.2] [INFO] [NCLS-BOOTSTRAP-00027] [jakarta.enterprise.bootstrap] [tid: _ThreadID=1 _ThreadName=main] [timeMillis: 1667589805717] [levelValue: 800] [[
  Registered com.sun.enterprise.glassfish.bootstrap.osgi.EmbeddedOSGiGlassFishImpl@157ec23b as OSGi service registration: org.apache.felix.framework.ServiceRegistrationImpl@44d64d4e.]]

[2022-11-04T20:23:25.746+0100] [glassfish 6.2] [INFO] [] [org.jvnet.hk2.osgiadapter] [tid: _ThreadID=22 _ThreadName=FelixStartLevel] [timeMillis: 1667589805746] [levelValue: 800] [[
  Skipping registration of inhabitant for service reference [org.osgi.service.metatype.MetaTypeProvider] as the service object could not be obtained.]]

[2022-11-04T20:23:25.760+0100] [glassfish 6.2] [INFO] [] [] [tid: _ThreadID=22 _ThreadName=Thread-7] [timeMillis: 1667589805760] [levelValue: 800] [[
  /home/amnesia/Uni/ProgrammazioneDistribuita/Lab/Esercitazione JPA/glassfish6/glassfish/domains/domain1/autodeploy/bundles does not exist, please create it.]]

[2022-11-04T20:23:25.762+0100] [glassfish 6.2] [INFO] [] [] [tid: _ThreadID=22 _ThreadName=Thread-7] [timeMillis: 1667589805762] [levelValue: 800] [[
  Root path does not exist: /home/amnesia/Uni/ProgrammazioneDistribuita/Lab/Esercitazione JPA/glassfish6/glassfish/domains/domain1/autodeploy/bundles]]

[2022-11-04T20:23:25.864+0100] [glassfish 6.2] [INFO] [NCLS-JMX-00005] [jakarta.enterprise.system.jmx] [tid: _ThreadID=72 _ThreadName=Thread-14] [timeMillis: 1667589805864] [levelValue: 800] [[
  JMXStartupService has started JMXConnector on JMXService URL service:jmx:rmi://amnesia-VirtualBox:8686/jndi/rmi://amnesia-VirtualBox:8686/jmxrmi]]

[2022-11-04T20:23:28.007+0100] [glassfish 6.2] [INFO] [] [jakarta.enterprise.system.tools.deployment.common] [tid: _ThreadID=51 _ThreadName=admin-listener(3)] [timeMillis: 1667589808007] [levelValue: 800] [[
  visiting unvisited references]]

[2022-11-04T20:23:28.829+0100] [glassfish 6.2] [INFO] [NCLS-SECURITY-01002] [jakarta.enterprise.system.core.security] [tid: _ThreadID=51 _ThreadName=admin-listener(3)] [timeMillis: 1667589808829] [levelValue: 800] [[
  Java security manager is disabled.]]

[2022-11-04T20:23:28.829+0100] [glassfish 6.2] [INFO] [NCLS-SECURITY-01010] [jakarta.enterprise.system.core.security] [tid: _ThreadID=51 _ThreadName=admin-listener(3)] [timeMillis: 1667589808829] [levelValue: 800] [[
  Entering Security Startup Service.]]

[2022-11-04T20:23:28.833+0100] [glassfish 6.2] [INFO] [NCLS-SECURITY-01143] [jakarta.enterprise.system.core.security] [tid: _ThreadID=51 _ThreadName=admin-listener(3)] [timeMillis: 1667589808833] [levelValue: 800] [[
  Loading policy provider org.glassfish.exousia.modules.locked.SimplePolicyProvider.]]

[2022-11-04T20:23:28.849+0100] [glassfish 6.2] [INFO] [NCLS-SECURITY-01011] [jakarta.enterprise.system.core.security] [tid: _ThreadID=51 _ThreadName=admin-listener(3)] [timeMillis: 1667589808849] [levelValue: 800] [[
  Security Service(s) started successfully.]]

[2022-11-04T20:23:28.985+0100] [glassfish 6.2] [INFO] [AS-WEB-GLUE-00198] [jakarta.enterprise.web] [tid: _ThreadID=51 _ThreadName=admin-listener(3)] [timeMillis: 1667589808985] [levelValue: 800] [[
  Created HTTP listener http-listener-1 on host/port 0.0.0.0:8080]]

[2022-11-04T20:23:28.989+0100] [glassfish 6.2] [INFO] [AS-WEB-GLUE-00198] [jakarta.enterprise.web] [tid: _ThreadID=51 _ThreadName=admin-listener(3)] [timeMillis: 1667589808989] [levelValue: 800] [[
  Created HTTP listener http-listener-2 on host/port 0.0.0.0:8181]]

[2022-11-04T20:23:28.990+0100] [glassfish 6.2] [INFO] [AS-WEB-GLUE-00198] [jakarta.enterprise.web] [tid: _ThreadID=51 _ThreadName=admin-listener(3)] [timeMillis: 1667589808990] [levelValue: 800] [[
  Created HTTP listener admin-listener on host/port 0.0.0.0:4848]]

[2022-11-04T20:23:29.002+0100] [glassfish 6.2] [INFO] [AS-WEB-GLUE-00200] [jakarta.enterprise.web] [tid: _ThreadID=51 _ThreadName=admin-listener(3)] [timeMillis: 1667589809002] [levelValue: 800] [[
  Created virtual server server]]

[2022-11-04T20:23:29.004+0100] [glassfish 6.2] [INFO] [AS-WEB-GLUE-00200] [jakarta.enterprise.web] [tid: _ThreadID=51 _ThreadName=admin-listener(3)] [timeMillis: 1667589809004] [levelValue: 800] [[
  Created virtual server __asadmin]]

[2022-11-04T20:23:29.120+0100] [glassfish 6.2] [INFO] [AS-WEB-CORE-00306] [jakarta.enterprise.web.core] [tid: _ThreadID=51 _ThreadName=admin-listener(3)] [timeMillis: 1667589809120] [levelValue: 800] [[
  Setting JAAS app name glassfish-web]]

[2022-11-04T20:23:29.121+0100] [glassfish 6.2] [INFO] [AS-WEB-GLUE-00201] [jakarta.enterprise.web] [tid: _ThreadID=51 _ThreadName=admin-listener(3)] [timeMillis: 1667589809121] [levelValue: 800] [[
  Virtual server server loaded default web module ]]

[2022-11-04T20:23:29.514+0100] [glassfish 6.2] [INFO] [] [jakarta.enterprise.system.tools.deployment.common] [tid: _ThreadID=51 _ThreadName=admin-listener(3)] [timeMillis: 1667589809514] [levelValue: 800] [[
  visiting unvisited references]]

[2022-11-04T20:23:29.533+0100] [glassfish 6.2] [INFO] [] [jakarta.enterprise.system.tools.deployment.common] [tid: _ThreadID=51 _ThreadName=admin-listener(3)] [timeMillis: 1667589809533] [levelValue: 800] [[
  visiting unvisited references]]

[2022-11-04T20:23:29.534+0100] [glassfish 6.2] [INFO] [] [jakarta.enterprise.system.tools.deployment.common] [tid: _ThreadID=51 _ThreadName=admin-listener(3)] [timeMillis: 1667589809534] [levelValue: 800] [[
  visiting unvisited references]]

[2022-11-04T20:23:29.535+0100] [glassfish 6.2] [INFO] [] [jakarta.enterprise.system.tools.deployment.common] [tid: _ThreadID=51 _ThreadName=admin-listener(3)] [timeMillis: 1667589809535] [levelValue: 800] [[
  visiting unvisited references]]

[2022-11-04T20:23:29.535+0100] [glassfish 6.2] [INFO] [] [jakarta.enterprise.system.tools.deployment.common] [tid: _ThreadID=51 _ThreadName=admin-listener(3)] [timeMillis: 1667589809535] [levelValue: 800] [[
  visiting unvisited references]]

[2022-11-04T20:23:29.536+0100] [glassfish 6.2] [INFO] [] [jakarta.enterprise.system.tools.deployment.common] [tid: _ThreadID=51 _ThreadName=admin-listener(3)] [timeMillis: 1667589809536] [levelValue: 800] [[
  visiting unvisited references]]

[2022-11-04T20:23:29.537+0100] [glassfish 6.2] [INFO] [] [jakarta.enterprise.system.tools.deployment.common] [tid: _ThreadID=51 _ThreadName=admin-listener(3)] [timeMillis: 1667589809537] [levelValue: 800] [[
  visiting unvisited references]]

[2022-11-04T20:23:29.538+0100] [glassfish 6.2] [INFO] [] [jakarta.enterprise.system.tools.deployment.common] [tid: _ThreadID=51 _ThreadName=admin-listener(3)] [timeMillis: 1667589809538] [levelValue: 800] [[
  visiting unvisited references]]

[2022-11-04T20:23:29.538+0100] [glassfish 6.2] [INFO] [] [jakarta.enterprise.system.tools.deployment.common] [tid: _ThreadID=51 _ThreadName=admin-listener(3)] [timeMillis: 1667589809538] [levelValue: 800] [[
  visiting unvisited references]]

[2022-11-04T20:23:29.539+0100] [glassfish 6.2] [INFO] [] [jakarta.enterprise.system.tools.deployment.common] [tid: _ThreadID=51 _ThreadName=admin-listener(3)] [timeMillis: 1667589809539] [levelValue: 800] [[
  visiting unvisited references]]

[2022-11-04T20:23:29.540+0100] [glassfish 6.2] [INFO] [] [jakarta.enterprise.system.tools.deployment.common] [tid: _ThreadID=51 _ThreadName=admin-listener(3)] [timeMillis: 1667589809540] [levelValue: 800] [[
  visiting unvisited references]]

[2022-11-04T20:23:29.541+0100] [glassfish 6.2] [INFO] [] [jakarta.enterprise.system.tools.deployment.common] [tid: _ThreadID=51 _ThreadName=admin-listener(3)] [timeMillis: 1667589809541] [levelValue: 800] [[
  visiting unvisited references]]

[2022-11-04T20:23:29.542+0100] [glassfish 6.2] [INFO] [] [jakarta.enterprise.system.tools.deployment.common] [tid: _ThreadID=51 _ThreadName=admin-listener(3)] [timeMillis: 1667589809542] [levelValue: 800] [[
  visiting unvisited references]]

[2022-11-04T20:23:29.542+0100] [glassfish 6.2] [INFO] [] [jakarta.enterprise.system.tools.deployment.common] [tid: _ThreadID=51 _ThreadName=admin-listener(3)] [timeMillis: 1667589809542] [levelValue: 800] [[
  visiting unvisited references]]

[2022-11-04T20:23:29.543+0100] [glassfish 6.2] [INFO] [] [jakarta.enterprise.system.tools.deployment.common] [tid: _ThreadID=51 _ThreadName=admin-listener(3)] [timeMillis: 1667589809543] [levelValue: 800] [[
  visiting unvisited references]]

[2022-11-04T20:23:29.544+0100] [glassfish 6.2] [INFO] [] [jakarta.enterprise.system.tools.deployment.common] [tid: _ThreadID=51 _ThreadName=admin-listener(3)] [timeMillis: 1667589809544] [levelValue: 800] [[
  visiting unvisited references]]

[2022-11-04T20:23:29.545+0100] [glassfish 6.2] [INFO] [] [jakarta.enterprise.system.tools.deployment.common] [tid: _ThreadID=51 _ThreadName=admin-listener(3)] [timeMillis: 1667589809545] [levelValue: 800] [[
  visiting unvisited references]]

[2022-11-04T20:23:29.546+0100] [glassfish 6.2] [INFO] [] [jakarta.enterprise.system.tools.deployment.common] [tid: _ThreadID=51 _ThreadName=admin-listener(3)] [timeMillis: 1667589809546] [levelValue: 800] [[
  visiting unvisited references]]

[2022-11-04T20:23:29.548+0100] [glassfish 6.2] [INFO] [] [jakarta.enterprise.system.tools.deployment.common] [tid: _ThreadID=51 _ThreadName=admin-listener(3)] [timeMillis: 1667589809548] [levelValue: 800] [[
  visiting unvisited references]]

[2022-11-04T20:23:29.549+0100] [glassfish 6.2] [INFO] [] [jakarta.enterprise.system.tools.deployment.common] [tid: _ThreadID=51 _ThreadName=admin-listener(3)] [timeMillis: 1667589809549] [levelValue: 800] [[
  visiting unvisited references]]

[2022-11-04T20:23:29.550+0100] [glassfish 6.2] [INFO] [] [jakarta.enterprise.system.tools.deployment.common] [tid: _ThreadID=51 _ThreadName=admin-listener(3)] [timeMillis: 1667589809550] [levelValue: 800] [[
  visiting unvisited references]]

[2022-11-04T20:23:29.570+0100] [glassfish 6.2] [INFO] [] [jakarta.enterprise.system.tools.deployment.common] [tid: _ThreadID=51 _ThreadName=admin-listener(3)] [timeMillis: 1667589809570] [levelValue: 800] [[
  visiting unvisited references]]

[2022-11-04T20:23:29.571+0100] [glassfish 6.2] [INFO] [] [jakarta.enterprise.system.tools.deployment.common] [tid: _ThreadID=51 _ThreadName=admin-listener(3)] [timeMillis: 1667589809571] [levelValue: 800] [[
  visiting unvisited references]]

[2022-11-04T20:23:29.572+0100] [glassfish 6.2] [INFO] [] [jakarta.enterprise.system.tools.deployment.common] [tid: _ThreadID=51 _ThreadName=admin-listener(3)] [timeMillis: 1667589809572] [levelValue: 800] [[
  visiting unvisited references]]

[2022-11-04T20:23:29.573+0100] [glassfish 6.2] [INFO] [] [jakarta.enterprise.system.tools.deployment.common] [tid: _ThreadID=51 _ThreadName=admin-listener(3)] [timeMillis: 1667589809573] [levelValue: 800] [[
  visiting unvisited references]]

[2022-11-04T20:23:29.574+0100] [glassfish 6.2] [INFO] [] [jakarta.enterprise.system.tools.deployment.common] [tid: _ThreadID=51 _ThreadName=admin-listener(3)] [timeMillis: 1667589809574] [levelValue: 800] [[
  visiting unvisited references]]

[2022-11-04T20:23:29.575+0100] [glassfish 6.2] [INFO] [] [jakarta.enterprise.system.tools.deployment.common] [tid: _ThreadID=51 _ThreadName=admin-listener(3)] [timeMillis: 1667589809575] [levelValue: 800] [[
  visiting unvisited references]]

[2022-11-04T20:23:29.576+0100] [glassfish 6.2] [INFO] [] [jakarta.enterprise.system.tools.deployment.common] [tid: _ThreadID=51 _ThreadName=admin-listener(3)] [timeMillis: 1667589809576] [levelValue: 800] [[
  visiting unvisited references]]

[2022-11-04T20:23:29.577+0100] [glassfish 6.2] [INFO] [] [jakarta.enterprise.system.tools.deployment.common] [tid: _ThreadID=51 _ThreadName=admin-listener(3)] [timeMillis: 1667589809577] [levelValue: 800] [[
  visiting unvisited references]]

[2022-11-04T20:23:29.578+0100] [glassfish 6.2] [INFO] [] [jakarta.enterprise.system.tools.deployment.common] [tid: _ThreadID=51 _ThreadName=admin-listener(3)] [timeMillis: 1667589809578] [levelValue: 800] [[
  visiting unvisited references]]

[2022-11-04T20:23:29.578+0100] [glassfish 6.2] [INFO] [] [jakarta.enterprise.system.tools.deployment.common] [tid: _ThreadID=51 _ThreadName=admin-listener(3)] [timeMillis: 1667589809578] [levelValue: 800] [[
  visiting unvisited references]]

[2022-11-04T20:23:29.579+0100] [glassfish 6.2] [INFO] [] [jakarta.enterprise.system.tools.deployment.common] [tid: _ThreadID=51 _ThreadName=admin-listener(3)] [timeMillis: 1667589809579] [levelValue: 800] [[
  visiting unvisited references]]

[2022-11-04T20:23:29.580+0100] [glassfish 6.2] [INFO] [] [jakarta.enterprise.system.tools.deployment.common] [tid: _ThreadID=51 _ThreadName=admin-listener(3)] [timeMillis: 1667589809580] [levelValue: 800] [[
  visiting unvisited references]]

[2022-11-04T20:23:29.580+0100] [glassfish 6.2] [INFO] [] [jakarta.enterprise.system.tools.deployment.common] [tid: _ThreadID=51 _ThreadName=admin-listener(3)] [timeMillis: 1667589809580] [levelValue: 800] [[
  visiting unvisited references]]

[2022-11-04T20:23:29.581+0100] [glassfish 6.2] [INFO] [] [jakarta.enterprise.system.tools.deployment.common] [tid: _ThreadID=51 _ThreadName=admin-listener(3)] [timeMillis: 1667589809581] [levelValue: 800] [[
  visiting unvisited references]]

[2022-11-04T20:23:29.582+0100] [glassfish 6.2] [INFO] [] [jakarta.enterprise.system.tools.deployment.common] [tid: _ThreadID=51 _ThreadName=admin-listener(3)] [timeMillis: 1667589809582] [levelValue: 800] [[
  visiting unvisited references]]

[2022-11-04T20:23:29.583+0100] [glassfish 6.2] [INFO] [] [jakarta.enterprise.system.tools.deployment.common] [tid: _ThreadID=51 _ThreadName=admin-listener(3)] [timeMillis: 1667589809583] [levelValue: 800] [[
  visiting unvisited references]]

[2022-11-04T20:23:29.583+0100] [glassfish 6.2] [INFO] [] [jakarta.enterprise.system.tools.deployment.common] [tid: _ThreadID=51 _ThreadName=admin-listener(3)] [timeMillis: 1667589809583] [levelValue: 800] [[
  visiting unvisited references]]

[2022-11-04T20:23:29.584+0100] [glassfish 6.2] [INFO] [] [jakarta.enterprise.system.tools.deployment.common] [tid: _ThreadID=51 _ThreadName=admin-listener(3)] [timeMillis: 1667589809584] [levelValue: 800] [[
  visiting unvisited references]]

[2022-11-04T20:23:29.585+0100] [glassfish 6.2] [INFO] [] [jakarta.enterprise.system.tools.deployment.common] [tid: _ThreadID=51 _ThreadName=admin-listener(3)] [timeMillis: 1667589809585] [levelValue: 800] [[
  visiting unvisited references]]

[2022-11-04T20:23:29.585+0100] [glassfish 6.2] [INFO] [] [jakarta.enterprise.system.tools.deployment.common] [tid: _ThreadID=51 _ThreadName=admin-listener(3)] [timeMillis: 1667589809585] [levelValue: 800] [[
  visiting unvisited references]]

[2022-11-04T20:23:29.601+0100] [glassfish 6.2] [INFO] [] [jakarta.enterprise.system.tools.deployment.common] [tid: _ThreadID=51 _ThreadName=admin-listener(3)] [timeMillis: 1667589809601] [levelValue: 800] [[
  visiting unvisited references]]

[2022-11-04T20:23:29.601+0100] [glassfish 6.2] [INFO] [] [jakarta.enterprise.system.tools.deployment.common] [tid: _ThreadID=51 _ThreadName=admin-listener(3)] [timeMillis: 1667589809601] [levelValue: 800] [[
  visiting unvisited references]]

[2022-11-04T20:23:29.602+0100] [glassfish 6.2] [INFO] [] [jakarta.enterprise.system.tools.deployment.common] [tid: _ThreadID=51 _ThreadName=admin-listener(3)] [timeMillis: 1667589809602] [levelValue: 800] [[
  visiting unvisited references]]

[2022-11-04T20:23:29.610+0100] [glassfish 6.2] [INFO] [] [jakarta.enterprise.system.tools.deployment.common] [tid: _ThreadID=51 _ThreadName=admin-listener(3)] [timeMillis: 1667589809610] [levelValue: 800] [[
  visiting unvisited references]]

[2022-11-04T20:23:29.611+0100] [glassfish 6.2] [INFO] [] [jakarta.enterprise.system.tools.deployment.common] [tid: _ThreadID=51 _ThreadName=admin-listener(3)] [timeMillis: 1667589809611] [levelValue: 800] [[
  visiting unvisited references]]

[2022-11-04T20:23:29.612+0100] [glassfish 6.2] [INFO] [] [jakarta.enterprise.system.tools.deployment.common] [tid: _ThreadID=51 _ThreadName=admin-listener(3)] [timeMillis: 1667589809612] [levelValue: 800] [[
  visiting unvisited references]]

[2022-11-04T20:23:29.631+0100] [glassfish 6.2] [INFO] [] [jakarta.enterprise.system.tools.deployment.common] [tid: _ThreadID=51 _ThreadName=admin-listener(3)] [timeMillis: 1667589809631] [levelValue: 800] [[
  visiting unvisited references]]

[2022-11-04T20:23:29.632+0100] [glassfish 6.2] [INFO] [] [jakarta.enterprise.system.tools.deployment.common] [tid: _ThreadID=51 _ThreadName=admin-listener(3)] [timeMillis: 1667589809632] [levelValue: 800] [[
  visiting unvisited references]]

[2022-11-04T20:23:29.633+0100] [glassfish 6.2] [INFO] [] [jakarta.enterprise.system.tools.deployment.common] [tid: _ThreadID=51 _ThreadName=admin-listener(3)] [timeMillis: 1667589809633] [levelValue: 800] [[
  visiting unvisited references]]

[2022-11-04T20:23:29.634+0100] [glassfish 6.2] [INFO] [] [jakarta.enterprise.system.tools.deployment.common] [tid: _ThreadID=51 _ThreadName=admin-listener(3)] [timeMillis: 1667589809634] [levelValue: 800] [[
  visiting unvisited references]]

[2022-11-04T20:23:29.635+0100] [glassfish 6.2] [INFO] [] [jakarta.enterprise.system.tools.deployment.common] [tid: _ThreadID=51 _ThreadName=admin-listener(3)] [timeMillis: 1667589809635] [levelValue: 800] [[
  visiting unvisited references]]

[2022-11-04T20:23:29.636+0100] [glassfish 6.2] [INFO] [] [jakarta.enterprise.system.tools.deployment.common] [tid: _ThreadID=51 _ThreadName=admin-listener(3)] [timeMillis: 1667589809636] [levelValue: 800] [[
  visiting unvisited references]]

[2022-11-04T20:23:29.679+0100] [glassfish 6.2] [INFO] [] [jakarta.enterprise.system.tools.deployment.common] [tid: _ThreadID=51 _ThreadName=admin-listener(3)] [timeMillis: 1667589809679] [levelValue: 800] [[
  visiting unvisited references]]

[2022-11-04T20:23:29.680+0100] [glassfish 6.2] [INFO] [] [jakarta.enterprise.system.tools.deployment.common] [tid: _ThreadID=51 _ThreadName=admin-listener(3)] [timeMillis: 1667589809680] [levelValue: 800] [[
  visiting unvisited references]]

[2022-11-04T20:23:29.680+0100] [glassfish 6.2] [INFO] [] [jakarta.enterprise.system.tools.deployment.common] [tid: _ThreadID=51 _ThreadName=admin-listener(3)] [timeMillis: 1667589809680] [levelValue: 800] [[
  visiting unvisited references]]

[2022-11-04T20:23:29.681+0100] [glassfish 6.2] [INFO] [] [jakarta.enterprise.system.tools.deployment.common] [tid: _ThreadID=51 _ThreadName=admin-listener(3)] [timeMillis: 1667589809681] [levelValue: 800] [[
  visiting unvisited references]]

[2022-11-04T20:23:29.682+0100] [glassfish 6.2] [INFO] [] [jakarta.enterprise.system.tools.deployment.common] [tid: _ThreadID=51 _ThreadName=admin-listener(3)] [timeMillis: 1667589809682] [levelValue: 800] [[
  visiting unvisited references]]

[2022-11-04T20:23:29.683+0100] [glassfish 6.2] [INFO] [] [jakarta.enterprise.system.tools.deployment.common] [tid: _ThreadID=51 _ThreadName=admin-listener(3)] [timeMillis: 1667589809683] [levelValue: 800] [[
  visiting unvisited references]]

[2022-11-04T20:23:29.684+0100] [glassfish 6.2] [INFO] [] [jakarta.enterprise.system.tools.deployment.common] [tid: _ThreadID=51 _ThreadName=admin-listener(3)] [timeMillis: 1667589809684] [levelValue: 800] [[
  visiting unvisited references]]

[2022-11-04T20:23:29.684+0100] [glassfish 6.2] [INFO] [] [jakarta.enterprise.system.tools.deployment.common] [tid: _ThreadID=51 _ThreadName=admin-listener(3)] [timeMillis: 1667589809684] [levelValue: 800] [[
  visiting unvisited references]]

[2022-11-04T20:23:29.699+0100] [glassfish 6.2] [INFO] [] [jakarta.enterprise.system.tools.deployment.common] [tid: _ThreadID=51 _ThreadName=admin-listener(3)] [timeMillis: 1667589809699] [levelValue: 800] [[
  visiting unvisited references]]

[2022-11-04T20:23:29.787+0100] [glassfish 6.2] [INFO] [] [org.jboss.weld.Version] [tid: _ThreadID=51 _ThreadName=admin-listener(3)] [timeMillis: 1667589809787] [levelValue: 800] [[
  WELD-000900: 4.0.2 (Final)]]

[2022-11-04T20:23:30.953+0100] [glassfish 6.2] [INFO] [] [org.jboss.weld.Event] [tid: _ThreadID=51 _ThreadName=admin-listener(3)] [timeMillis: 1667589810953] [levelValue: 800] [[
  WELD-000411: Observer method [BackedAnnotatedMethod] public org.glassfish.jersey.ext.cdi1x.internal.ProcessAllAnnotatedTypes.processAnnotatedType(@Observes ProcessAnnotatedType<?>, BeanManager) receives events for all annotated types. Consider restricting events using @WithAnnotations or a generic type with bounds.]]

[2022-11-04T20:23:30.990+0100] [glassfish 6.2] [INFO] [] [org.jboss.weld.Event] [tid: _ThreadID=51 _ThreadName=admin-listener(3)] [timeMillis: 1667589810990] [levelValue: 800] [[
  WELD-000411: Observer method [BackedAnnotatedMethod] public org.glassfish.jms.injection.JMSCDIExtension.processAnnotatedType(@Observes ProcessAnnotatedType<T>) receives events for all annotated types. Consider restricting events using @WithAnnotations or a generic type with bounds.]]

[2022-11-04T20:23:30.993+0100] [glassfish 6.2] [INFO] [] [org.jboss.weld.Event] [tid: _ThreadID=51 _ThreadName=admin-listener(3)] [timeMillis: 1667589810993] [levelValue: 800] [[
  WELD-000411: Observer method [BackedAnnotatedMethod] org.glassfish.sse.impl.ServerSentEventCdiExtension.processAnnotatedType(@Observes ProcessAnnotatedType<T>, BeanManager) receives events for all annotated types. Consider restricting events using @WithAnnotations or a generic type with bounds.]]

[2022-11-04T20:23:30.994+0100] [glassfish 6.2] [INFO] [] [org.jboss.weld.Event] [tid: _ThreadID=51 _ThreadName=admin-listener(3)] [timeMillis: 1667589810994] [levelValue: 800] [[
  WELD-000411: Observer method [BackedAnnotatedMethod] org.glassfish.sse.impl.ServerSentEventCdiExtension.processAnnotatedType(@Observes ProcessAnnotatedType<T>, BeanManager) receives events for all annotated types. Consider restricting events using @WithAnnotations or a generic type with bounds.]]

[2022-11-04T20:23:31.008+0100] [glassfish 6.2] [INFO] [] [org.jboss.weld.Event] [tid: _ThreadID=51 _ThreadName=admin-listener(3)] [timeMillis: 1667589811008] [levelValue: 800] [[
  WELD-000411: Observer method [BackedAnnotatedMethod] public org.glassfish.jersey.ext.cdi1x.internal.ProcessAllAnnotatedTypes.processAnnotatedType(@Observes ProcessAnnotatedType<?>, BeanManager) receives events for all annotated types. Consider restricting events using @WithAnnotations or a generic type with bounds.]]

[2022-11-04T20:23:31.010+0100] [glassfish 6.2] [INFO] [] [org.jboss.weld.Event] [tid: _ThreadID=51 _ThreadName=admin-listener(3)] [timeMillis: 1667589811010] [levelValue: 800] [[
  WELD-000411: Observer method [BackedAnnotatedMethod] public org.glassfish.jersey.ext.cdi1x.internal.ProcessAllAnnotatedTypes.processAnnotatedType(@Observes ProcessAnnotatedType<?>, BeanManager) receives events for all annotated types. Consider restricting events using @WithAnnotations or a generic type with bounds.]]

[2022-11-04T20:23:31.011+0100] [glassfish 6.2] [INFO] [] [org.jboss.weld.Event] [tid: _ThreadID=51 _ThreadName=admin-listener(3)] [timeMillis: 1667589811011] [levelValue: 800] [[
  WELD-000411: Observer method [BackedAnnotatedMethod] public org.glassfish.jms.injection.JMSCDIExtension.processAnnotatedType(@Observes ProcessAnnotatedType<T>) receives events for all annotated types. Consider restricting events using @WithAnnotations or a generic type with bounds.]]

[2022-11-04T20:23:31.012+0100] [glassfish 6.2] [INFO] [] [org.jboss.weld.Event] [tid: _ThreadID=51 _ThreadName=admin-listener(3)] [timeMillis: 1667589811012] [levelValue: 800] [[
  WELD-000411: Observer method [BackedAnnotatedMethod] org.glassfish.sse.impl.ServerSentEventCdiExtension.processAnnotatedType(@Observes ProcessAnnotatedType<T>, BeanManager) receives events for all annotated types. Consider restricting events using @WithAnnotations or a generic type with bounds.]]

[2022-11-04T20:23:31.013+0100] [glassfish 6.2] [INFO] [] [org.jboss.weld.Event] [tid: _ThreadID=51 _ThreadName=admin-listener(3)] [timeMillis: 1667589811013] [levelValue: 800] [[
  WELD-000411: Observer method [BackedAnnotatedMethod] public org.glassfish.jersey.ext.cdi1x.internal.ProcessAllAnnotatedTypes.processAnnotatedType(@Observes ProcessAnnotatedType<?>, BeanManager) receives events for all annotated types. Consider restricting events using @WithAnnotations or a generic type with bounds.]]

[2022-11-04T20:23:31.014+0100] [glassfish 6.2] [INFO] [] [org.jboss.weld.Event] [tid: _ThreadID=51 _ThreadName=admin-listener(3)] [timeMillis: 1667589811014] [levelValue: 800] [[
  WELD-000411: Observer method [BackedAnnotatedMethod] public org.glassfish.jersey.ext.cdi1x.internal.ProcessAllAnnotatedTypes.processAnnotatedType(@Observes ProcessAnnotatedType<?>, BeanManager) receives events for all annotated types. Consider restricting events using @WithAnnotations or a generic type with bounds.]]

[2022-11-04T20:23:31.016+0100] [glassfish 6.2] [INFO] [] [org.jboss.weld.Event] [tid: _ThreadID=51 _ThreadName=admin-listener(3)] [timeMillis: 1667589811016] [levelValue: 800] [[
  WELD-000411: Observer method [BackedAnnotatedMethod] public org.glassfish.jersey.ext.cdi1x.internal.ProcessAllAnnotatedTypes.processAnnotatedType(@Observes ProcessAnnotatedType<?>, BeanManager) receives events for all annotated types. Consider restricting events using @WithAnnotations or a generic type with bounds.]]

[2022-11-04T20:23:31.019+0100] [glassfish 6.2] [INFO] [] [org.jboss.weld.Event] [tid: _ThreadID=51 _ThreadName=admin-listener(3)] [timeMillis: 1667589811019] [levelValue: 800] [[
  WELD-000411: Observer method [BackedAnnotatedMethod] org.glassfish.sse.impl.ServerSentEventCdiExtension.processAnnotatedType(@Observes ProcessAnnotatedType<T>, BeanManager) receives events for all annotated types. Consider restricting events using @WithAnnotations or a generic type with bounds.]]

[2022-11-04T20:23:31.020+0100] [glassfish 6.2] [INFO] [] [org.jboss.weld.Event] [tid: _ThreadID=51 _ThreadName=admin-listener(3)] [timeMillis: 1667589811020] [levelValue: 800] [[
  WELD-000411: Observer method [BackedAnnotatedMethod] public org.glassfish.jms.injection.JMSCDIExtension.processAnnotatedType(@Observes ProcessAnnotatedType<T>) receives events for all annotated types. Consider restricting events using @WithAnnotations or a generic type with bounds.]]

[2022-11-04T20:23:31.022+0100] [glassfish 6.2] [INFO] [] [org.jboss.weld.Event] [tid: _ThreadID=51 _ThreadName=admin-listener(3)] [timeMillis: 1667589811022] [levelValue: 800] [[
  WELD-000411: Observer method [BackedAnnotatedMethod] public org.glassfish.jms.injection.JMSCDIExtension.processAnnotatedType(@Observes ProcessAnnotatedType<T>) receives events for all annotated types. Consider restricting events using @WithAnnotations or a generic type with bounds.]]

[2022-11-04T20:23:31.023+0100] [glassfish 6.2] [INFO] [] [org.jboss.weld.Event] [tid: _ThreadID=51 _ThreadName=admin-listener(3)] [timeMillis: 1667589811023] [levelValue: 800] [[
  WELD-000411: Observer method [BackedAnnotatedMethod] org.glassfish.sse.impl.ServerSentEventCdiExtension.processAnnotatedType(@Observes ProcessAnnotatedType<T>, BeanManager) receives events for all annotated types. Consider restricting events using @WithAnnotations or a generic type with bounds.]]

[2022-11-04T20:23:31.023+0100] [glassfish 6.2] [INFO] [] [org.jboss.weld.Event] [tid: _ThreadID=51 _ThreadName=admin-listener(3)] [timeMillis: 1667589811023] [levelValue: 800] [[
  WELD-000411: Observer method [BackedAnnotatedMethod] public org.glassfish.jersey.ext.cdi1x.internal.ProcessAllAnnotatedTypes.processAnnotatedType(@Observes ProcessAnnotatedType<?>, BeanManager) receives events for all annotated types. Consider restricting events using @WithAnnotations or a generic type with bounds.]]

[2022-11-04T20:23:31.025+0100] [glassfish 6.2] [INFO] [] [org.jboss.weld.Event] [tid: _ThreadID=51 _ThreadName=admin-listener(3)] [timeMillis: 1667589811025] [levelValue: 800] [[
  WELD-000411: Observer method [BackedAnnotatedMethod] public org.glassfish.jms.injection.JMSCDIExtension.processAnnotatedType(@Observes ProcessAnnotatedType<T>) receives events for all annotated types. Consider restricting events using @WithAnnotations or a generic type with bounds.]]

[2022-11-04T20:23:31.026+0100] [glassfish 6.2] [INFO] [] [org.jboss.weld.Event] [tid: _ThreadID=51 _ThreadName=admin-listener(3)] [timeMillis: 1667589811026] [levelValue: 800] [[
  WELD-000411: Observer method [BackedAnnotatedMethod] public org.glassfish.jersey.ext.cdi1x.internal.ProcessAllAnnotatedTypes.processAnnotatedType(@Observes ProcessAnnotatedType<?>, BeanManager) receives events for all annotated types. Consider restricting events using @WithAnnotations or a generic type with bounds.]]

[2022-11-04T20:23:31.027+0100] [glassfish 6.2] [INFO] [] [org.jboss.weld.Event] [tid: _ThreadID=51 _ThreadName=admin-listener(3)] [timeMillis: 1667589811027] [levelValue: 800] [[
  WELD-000411: Observer method [BackedAnnotatedMethod] org.glassfish.sse.impl.ServerSentEventCdiExtension.processAnnotatedType(@Observes ProcessAnnotatedType<T>, BeanManager) receives events for all annotated types. Consider restricting events using @WithAnnotations or a generic type with bounds.]]

[2022-11-04T20:23:31.030+0100] [glassfish 6.2] [INFO] [] [org.jboss.weld.Event] [tid: _ThreadID=51 _ThreadName=admin-listener(3)] [timeMillis: 1667589811030] [levelValue: 800] [[
  WELD-000411: Observer method [BackedAnnotatedMethod] org.glassfish.sse.impl.ServerSentEventCdiExtension.processAnnotatedType(@Observes ProcessAnnotatedType<T>, BeanManager) receives events for all annotated types. Consider restricting events using @WithAnnotations or a generic type with bounds.]]

[2022-11-04T20:23:31.031+0100] [glassfish 6.2] [INFO] [] [org.jboss.weld.Event] [tid: _ThreadID=51 _ThreadName=admin-listener(3)] [timeMillis: 1667589811031] [levelValue: 800] [[
  WELD-000411: Observer method [BackedAnnotatedMethod] org.glassfish.sse.impl.ServerSentEventCdiExtension.processAnnotatedType(@Observes ProcessAnnotatedType<T>, BeanManager) receives events for all annotated types. Consider restricting events using @WithAnnotations or a generic type with bounds.]]

[2022-11-04T20:23:31.033+0100] [glassfish 6.2] [INFO] [] [org.jboss.weld.Event] [tid: _ThreadID=51 _ThreadName=admin-listener(3)] [timeMillis: 1667589811033] [levelValue: 800] [[
  WELD-000411: Observer method [BackedAnnotatedMethod] public org.glassfish.jms.injection.JMSCDIExtension.processAnnotatedType(@Observes ProcessAnnotatedType<T>) receives events for all annotated types. Consider restricting events using @WithAnnotations or a generic type with bounds.]]

[2022-11-04T20:23:31.036+0100] [glassfish 6.2] [INFO] [] [org.jboss.weld.Event] [tid: _ThreadID=51 _ThreadName=admin-listener(3)] [timeMillis: 1667589811036] [levelValue: 800] [[
  WELD-000411: Observer method [BackedAnnotatedMethod] public org.glassfish.jersey.ext.cdi1x.internal.ProcessAllAnnotatedTypes.processAnnotatedType(@Observes ProcessAnnotatedType<?>, BeanManager) receives events for all annotated types. Consider restricting events using @WithAnnotations or a generic type with bounds.]]

[2022-11-04T20:23:31.043+0100] [glassfish 6.2] [INFO] [] [org.jboss.weld.Event] [tid: _ThreadID=51 _ThreadName=admin-listener(3)] [timeMillis: 1667589811043] [levelValue: 800] [[
  WELD-000411: Observer method [BackedAnnotatedMethod] public org.glassfish.jms.injection.JMSCDIExtension.processAnnotatedType(@Observes ProcessAnnotatedType<T>) receives events for all annotated types. Consider restricting events using @WithAnnotations or a generic type with bounds.]]

[2022-11-04T20:23:31.044+0100] [glassfish 6.2] [INFO] [] [org.jboss.weld.Event] [tid: _ThreadID=51 _ThreadName=admin-listener(3)] [timeMillis: 1667589811044] [levelValue: 800] [[
  WELD-000411: Observer method [BackedAnnotatedMethod] public org.glassfish.jms.injection.JMSCDIExtension.processAnnotatedType(@Observes ProcessAnnotatedType<T>) receives events for all annotated types. Consider restricting events using @WithAnnotations or a generic type with bounds.]]

[2022-11-04T20:23:31.046+0100] [glassfish 6.2] [INFO] [] [org.jboss.weld.Event] [tid: _ThreadID=51 _ThreadName=admin-listener(3)] [timeMillis: 1667589811046] [levelValue: 800] [[
  WELD-000411: Observer method [BackedAnnotatedMethod] public org.glassfish.jms.injection.JMSCDIExtension.processAnnotatedType(@Observes ProcessAnnotatedType<T>) receives events for all annotated types. Consider restricting events using @WithAnnotations or a generic type with bounds.]]

[2022-11-04T20:23:31.046+0100] [glassfish 6.2] [INFO] [] [org.jboss.weld.Event] [tid: _ThreadID=51 _ThreadName=admin-listener(3)] [timeMillis: 1667589811046] [levelValue: 800] [[
  WELD-000411: Observer method [BackedAnnotatedMethod] org.glassfish.sse.impl.ServerSentEventCdiExtension.processAnnotatedType(@Observes ProcessAnnotatedType<T>, BeanManager) receives events for all annotated types. Consider restricting events using @WithAnnotations or a generic type with bounds.]]

[2022-11-04T20:23:31.063+0100] [glassfish 6.2] [WARN] [] [org.jboss.weld.Bootstrap] [tid: _ThreadID=51 _ThreadName=admin-listener(3)] [timeMillis: 1667589811063] [levelValue: 900] [[
  WELD-000146: BeforeBeanDiscovery.addAnnotatedType(AnnotatedType<?>) used for class com.ibm.jbatch.container.cdi.BatchProducerBean is deprecated from CDI 1.1!]]

[2022-11-04T20:23:32.240+0100] [glassfish 6.2] [INFO] [] [org.glassfish.soteria.servlet.SamRegistrationInstaller] [tid: _ThreadID=51 _ThreadName=admin-listener(3)] [timeMillis: 1667589812240] [levelValue: 800] [[
  Initializing Soteria 2.0.1 for context '/BookStoreIntellij-1.0-SNAPSHOT']]

[2022-11-04T20:23:32.369+0100] [glassfish 6.2] [INFO] [] [org.glassfish.tyrus.servlet.TyrusServletContainerInitializer] [tid: _ThreadID=51 _ThreadName=admin-listener(3)] [timeMillis: 1667589812369] [levelValue: 800] [[
  Registering WebSocket filter for url pattern /*]]

[2022-11-04T20:23:32.439+0100] [glassfish 6.2] [INFO] [] [org.eclipse.krazo.servlet.KrazoContainerInitializer] [tid: _ThreadID=51 _ThreadName=admin-listener(3)] [timeMillis: 1667589812439] [levelValue: 800] [[
  Eclipse Krazo version 2.0.1 started]]

[2022-11-04T20:23:32.480+0100] [glassfish 6.2] [INFO] [jsf.config.listener.version] [jakarta.enterprise.resource.webcontainer.jsf.config] [tid: _ThreadID=51 _ThreadName=admin-listener(3)] [timeMillis: 1667589812480] [levelValue: 800] [[
  Initializing Mojarra 3.0.1 for context '/BookStoreIntellij-1.0-SNAPSHOT']]

[2022-11-04T20:23:32.952+0100] [glassfish 6.2] [INFO] [AS-WEB-GLUE-00172] [jakarta.enterprise.web] [tid: _ThreadID=51 _ThreadName=admin-listener(3)] [timeMillis: 1667589812952] [levelValue: 800] [[
  Loading application [BookStoreIntellij-1.0-SNAPSHOT] at [/BookStoreIntellij-1.0-SNAPSHOT]]]

[2022-11-04T20:23:32.985+0100] [glassfish 6.2] [INFO] [] [jakarta.enterprise.system.core] [tid: _ThreadID=51 _ThreadName=admin-listener(3)] [timeMillis: 1667589812985] [levelValue: 800] [[
  BookStoreIntellij-1.0-SNAPSHOT was successfully deployed in 7.012 milliseconds.]]

[2022-11-04T20:26:28.465+0100] [glassfish 6.2] [INFO] [NCLS-REST-00001] [jakarta.enterprise.admin.rest] [tid: _ThreadID=50 _ThreadName=admin-listener(2)] [timeMillis: 1667589988465] [levelValue: 800] [[
  Listening to REST requests at context: /command/domain.]]

[2022-11-04T20:26:28.594+0100] [glassfish 6.2] [INFO] [NCLS-CORE-00092] [jakarta.enterprise.system.core] [tid: _ThreadID=145 _ThreadName=Thread-35] [timeMillis: 1667589988594] [levelValue: 800] [[
  Server shutdown initiated]]

[2022-11-04T20:26:28.598+0100] [glassfish 6.2] [INFO] [NCLS-BOOTSTRAP-00028] [jakarta.enterprise.bootstrap] [tid: _ThreadID=145 _ThreadName=Thread-35] [timeMillis: 1667589988598] [levelValue: 800] [[
  Unregistered com.sun.enterprise.glassfish.bootstrap.osgi.EmbeddedOSGiGlassFishImpl@157ec23b from service registry.]]

[2022-11-04T20:26:28.599+0100] [glassfish 6.2] [INFO] [] [] [tid: _ThreadID=145 _ThreadName=Thread-7] [timeMillis: 1667589988599] [levelValue: 800] [[
  FileMonitoring shutdown]]

[2022-11-04T20:26:28.602+0100] [glassfish 6.2] [INFO] [NCLS-JMX-00002] [jakarta.enterprise.system.jmx] [tid: _ThreadID=145 _ThreadName=Thread-35] [timeMillis: 1667589988602] [levelValue: 800] [[
  JMXStartupService: Stopped JMXConnectorServer: null]]

[2022-11-04T20:26:28.603+0100] [glassfish 6.2] [INFO] [NCLS-JMX-00001] [jakarta.enterprise.system.jmx] [tid: _ThreadID=145 _ThreadName=Thread-35] [timeMillis: 1667589988603] [levelValue: 800] [[
  JMXStartupService and JMXConnectors have been shut down.]]

[2022-11-04T20:26:28.654+0100] [glassfish 6.2] [INFO] [] [] [tid: _ThreadID=149 _ThreadName=Thread-7] [timeMillis: 1667589988654] [levelValue: 800] [[
  JdbcRuntimeExtension,  getAllSystemRAResourcesAndPools = [GlassFishConfigBean.org.glassfish.jdbc.config.JdbcResource, GlassFishConfigBean.org.glassfish.jdbc.config.JdbcResource, GlassFishConfigBean.org.glassfish.jdbc.config.JdbcConnectionPool, GlassFishConfigBean.org.glassfish.jdbc.config.JdbcConnectionPool]]]

